<?xml version="1.0" encoding="UTF-8"?>
<Site BuildName="(empty)"
	BuildStamp="20240701-1006-Experimental"
	Name="Koushik2004"
	Generator="ctest-3.22.1"
	CompilerName="/usr/bin/c++"
	CompilerVersion="11.4.0"
	OSName="Linux"
	Hostname="Koushik2004"
	OSRelease="6.5.0-41-generic"
	OSVersion="#41~22.04.2-Ubuntu SMP PREEMPT_DYNAMIC Mon Jun  3 11:32:55 UTC 2"
	OSPlatform="x86_64"
	Is64Bits="1"
	VendorString="GenuineIntel"
	VendorID="Intel Corporation"
	FamilyID="6"
	ModelID="140"
	ProcessorCacheSize="8192"
	NumberOfLogicalCPU="8"
	NumberOfPhysicalCPU="4"
	TotalVirtualMemory="14033"
	TotalPhysicalMemory="15768"
	LogicalProcessorsPerPhysical="2"
	ProcessorClockFrequency="4299.99"
	>
	<Testing>
		<StartDateTime>Jul 01 16:09 IST</StartDateTime>
		<StartTestTime>1719830359</StartTestTime>
		<TestList/>
		<EndDateTime>Jul 01 16:09 IST</EndDateTime>
		<EndTestTime>1719830359</EndTestTime>
		<ElapsedMinutes>0</ElapsedMinutes>
	</Testing>
</Site>
